#
# A fatal error has been detected by the Java Runtime Environment:
#
#  SIGSEGV (0xb) at pc=0x00007f71e189c0ad, pid=17918, tid=17933
#
# JRE version: OpenJDK Runtime Environment (11.0.10+9) (build 11.0.10+9-Ubuntu-0ubuntu1.20.04)
# Java VM: OpenJDK 64-Bit Server VM (11.0.10+9-Ubuntu-0ubuntu1.20.04, mixed mode, sharing, tiered, compressed oops, g1 gc, linux-amd64)
# Problematic frame:
# C  [libjimage.so+0x30ad]
#
# Core dump will be written. Default location: Core dumps may be processed with "/usr/share/apport/apport %p %s %c %d %P %E" (or dumping to /home/adrien/Documents/OCR/java/projet6/PayMyBuddy/core.17918)
#
# If you would like to submit a bug report, please visit:
#   https://bugs.launchpad.net/ubuntu/+source/openjdk-lts
#

---------------  S U M M A R Y ------------

Command Line: -agentlib:jdwp=transport=dt_socket,suspend=y,address=localhost:43237 -ea -javaagent:/home/adrien/eclipse/configuration/org.eclipse.osgi/401/0/.cp/lib/javaagent-shaded.jar -Dfile.encoding=UTF-8 org.eclipse.jdt.internal.junit.runner.RemoteTestRunner -version 3 -port 40437 -testLoaderClass org.eclipse.jdt.internal.junit5.runner.JUnit5TestLoader -loaderpluginname org.eclipse.jdt.junit5.runtime -classNames com.PayMyBuddy.controller.HomeRessourceControllerTest

Host: Intel(R) Pentium(R) CPU G645 @ 2.90GHz, 2 cores, 11G, Ubuntu 20.04.2 LTS
Time: Sat Mar 27 14:44:52 2021 CET elapsed time: 78.657958 seconds (0d 0h 1m 18s)

---------------  T H R E A D  ---------------

Current thread (0x00007f71d81d5800):  JavaThread "Signal Dispatcher" daemon [_thread_in_vm, id=17933, stack(0x00007f71b56ee000,0x00007f71b57ef000)]

Stack: [0x00007f71b56ee000,0x00007f71b57ef000],  sp=0x00007f71b57ec1f0,  free space=1016k
Native frames: (J=compiled Java code, A=aot compiled Java code, j=interpreted, Vv=VM code, C=native code)
C  [libjimage.so+0x30ad]
C  [libjimage.so+0x3da2]
C  [libjimage.so+0x42b1]  JIMAGE_FindResource+0xf1
V  [libjvm.so+0x5af401]
V  [libjvm.so+0x5b1bb1]
V  [libjvm.so+0xde46ed]
V  [libjvm.so+0xde327a]
V  [libjvm.so+0xde583b]
V  [libjvm.so+0x66111e]
V  [libjvm.so+0x84ee46]
j  jdk.internal.misc.Signal.dispatch(I)V+25 java.base@11.0.10
v  ~StubRoutines::call_stub
V  [libjvm.so+0x857b39]
V  [libjvm.so+0x856b52]
V  [libjvm.so+0xbc368e]
V  [libjvm.so+0xe1b50f]
V  [libjvm.so+0xe17b40]
V  [libjvm.so+0xbd5436]

Java frames: (J=compiled Java code, j=interpreted, Vv=VM code)
j  jdk.internal.misc.Signal.dispatch(I)V+25 java.base@11.0.10
v  ~StubRoutines::call_stub

siginfo: si_signo: 11 (SIGSEGV), si_code: 1 (SEGV_MAPERR), si_addr: 0x00007f71cf8b1768

Register to memory mapping:

RAX=0x00000000000081d3 is an unknown value
RBX=0x00007f71b57ec2a1 is pointing into the stack for thread: 0x00007f71d81d5800
RCX=0x00007f71b57ec2c3 is pointing into the stack for thread: 0x00007f71d81d5800
RDX=0x00000000000081d3 is an unknown value
RSP=0x00007f71b57ec1f0 is pointing into the stack for thread: 0x00007f71d81d5800
RBP=0x00007f71b57ec210 is pointing into the stack for thread: 0x00007f71d81d5800
RSI=0x0 is NULL
RDI=0x00007f71e18a1030: <offset 0x0000000000008030> in /usr/lib/jvm/java-11-openjdk-amd64/lib/libjimage.so at 0x00007f71e1899000
R8 =0x00007f71cf89101c is an unknown value
R9 =0x65746e692f6b646a is an unknown value
R10=0x73696d2f6c616e72 is an unknown value
R11=0x6c616e6769532f63 is an unknown value
R12=0x0000000000008424 is an unknown value
R13=0x00007f71b57ec2a0 is pointing into the stack for thread: 0x00007f71d81d5800
R14=0x0 is NULL
R15=0x00007f71d81d6070 points into unknown readable memory: 0x65746e692f6b646a | 6a 64 6b 2f 69 6e 74 65


Registers:
RAX=0x00000000000081d3, RBX=0x00007f71b57ec2a1, RCX=0x00007f71b57ec2c3, RDX=0x00000000000081d3
RSP=0x00007f71b57ec1f0, RBP=0x00007f71b57ec210, RSI=0x0000000000000000, RDI=0x00007f71e18a1030
R8 =0x00007f71cf89101c, R9 =0x65746e692f6b646a, R10=0x73696d2f6c616e72, R11=0x6c616e6769532f63
R12=0x0000000000008424, R13=0x00007f71b57ec2a0, R14=0x0000000000000000, R15=0x00007f71d81d6070
RIP=0x00007f71e189c0ad, EFLAGS=0x0000000000010246, CSGSFS=0x002b000000000033, ERR=0x0000000000000004
  TRAPNO=0x000000000000000e

Top of Stack: (sp=0x00007f71b57ec1f0)
0x00007f71b57ec1f0:   0000000000000001 00007f71b57ed338
0x00007f71b57ec200:   00007f71d800a030 00007f71b57ec2a0
0x00007f71b57ec210:   00007f71b57ec280 00007f71e189cda2
0x00007f71b57ec220:   00007f71c8693d10 00007f71e1114256 

Instructions: (pc=0x00007f71e189c0ad)
0x00007f71e189bfad:   f3 ff ff 44 03 65 90 e9 3f fe ff ff 0f 1f 80 00
0x00007f71e189bfbd:   00 00 00 41 8b 10 41 89 55 00 41 8b 54 00 fc 41
0x00007f71e189bfcd:   89 54 05 fc e9 82 fc ff ff 66 2e 0f 1f 84 00 00
0x00007f71e189bfdd:   00 00 00 b9 0a 00 00 00 e9 f0 fc ff ff 41 0f b7
0x00007f71e189bfed:   54 00 fe 66 41 89 54 05 fe e9 5d fc ff ff 0f 1f
0x00007f71e189bffd:   44 00 00 f3 0f 1e fa 0f b6 17 89 f0 89 f1 4c 8d
0x00007f71e189c00d:   47 01 84 d2 74 1c 0f 1f 44 00 00 69 c9 93 01 00
0x00007f71e189c01d:   01 49 83 c0 01 31 d1 41 0f b6 50 ff 84 d2 75 eb
0x00007f71e189c02d:   89 c8 25 ff ff ff 7f c3 90 66 2e 0f 1f 84 00 00
0x00007f71e189c03d:   00 00 00 f3 0f 1e fa 48 85 d2 0f 84 da 00 00 00
0x00007f71e189c04d:   55 48 89 e5 41 55 41 54 41 89 cc 53 48 83 ec 08
0x00007f71e189c05d:   85 c9 0f 84